# JRE version: OpenJDK Runtime Environment (17.0.11) (build 17.0.11+0--11852314)
# Java VM: OpenJDK 64-Bit Server VM (17.0.11+0--11852314, mixed mode, tiered, compressed oops, compressed class ptrs, g1 gc, windows-amd64)
GC Precious Log:
 CPUs: 8 total, 8 available
 Memory: 5877M
 Large Page Support: Disabled
 NUMA Support: Disabled
 Compressed Oops: Enabled (32-bit)
 Heap Region Size: 1M
 Heap Min Capacity: 8M
 Heap Initial Capacity: 92M
 Heap Max Capacity: 2G
 Pre-touch: Disabled
 Parallel Workers: 8
 Concurrent Workers: 2
 Concurrent Refinement Workers: 8
 Periodic GC: Disabled
Heap:
 garbage-first heap   total 525312K, used 126700K [0x0000000080000000, 0x0000000100000000)
  region size 1024K, 2 young (2048K), 2 survivors (2048K)
 Metaspace       used 146046K, committed 147904K, reserved 1179648K
  class space    used 19756K, committed 20672K, reserved 1048576K
GC Heap History (20 events):
Event: 5177.086 GC heap after
{Heap after GC invocations=97 (full 0):
 garbage-first heap   total 539648K, used 127114K [0x0000000080000000, 0x0000000100000000)
  region size 1024K, 5 young (5120K), 5 survivors (5120K)
 Metaspace       used 145099K, committed 146944K, reserved 1179648K
  class space    used 19736K, committed 20608K, reserved 1048576K
}
Event: 5177.149 GC heap before
{Heap before GC invocations=97 (full 0):
 garbage-first heap   total 539648K, used 148618K [0x0000000080000000, 0x0000000100000000)
  region size 1024K, 26 young (26624K), 5 survivors (5120K)
 Metaspace       used 145106K, committed 146944K, reserved 1179648K
  class space    used 19736K, committed 20608K, reserved 1048576K
}
Event: 5177.169 GC heap after
{Heap after GC invocations=98 (full 0):
 garbage-first heap   total 539648K, used 120644K [0x0000000080000000, 0x0000000100000000)
  region size 1024K, 1 young (1024K), 1 survivors (1024K)
 Metaspace       used 145106K, committed 146944K, reserved 1179648K
  class space    used 19736K, committed 20608K, reserved 1048576K
}
Event: 5177.604 GC heap before
{Heap before GC invocations=98 (full 0):
 garbage-first heap   total 539648K, used 162628K [0x0000000080000000, 0x0000000100000000)
  region size 1024K, 44 young (45056K), 1 survivors (1024K)
 Metaspace       used 145197K, committed 147136K, reserved 1179648K
  class space    used 19742K, committed 20672K, reserved 1048576K
}
Event: 5177.608 GC heap after
{Heap after GC invocations=99 (full 0):
 garbage-first heap   total 539648K, used 120931K [0x0000000080000000, 0x0000000100000000)
  region size 1024K, 2 young (2048K), 2 survivors (2048K)
 Metaspace       used 145197K, committed 147136K, reserved 1179648K
  class space    used 19742K, committed 20672K, reserved 1048576K
}
Event: 5582.907 GC heap before
{Heap before GC invocations=100 (full 0):
 garbage-first heap   total 522240K, used 503907K [0x0000000080000000, 0x0000000100000000)
  region size 1024K, 270 young (276480K), 2 survivors (2048K)
 Metaspace       used 145512K, committed 147392K, reserved 1179648K
  class space    used 19749K, committed 20672K, reserved 1048576K
}
Event: 5583.126 GC heap after
{Heap after GC invocations=101 (full 0):
 garbage-first heap   total 525312K, used 141740K [0x0000000080000000, 0x0000000100000000)
  region size 1024K, 18 young (18432K), 18 survivors (18432K)
 Metaspace       used 145512K, committed 147392K, reserved 1179648K
  class space    used 19749K, committed 20672K, reserved 1048576K
}
Event: 5583.238 GC heap before
{Heap before GC invocations=101 (full 0):
 garbage-first heap   total 525312K, used 148908K [0x0000000080000000, 0x0000000100000000)
  region size 1024K, 25 young (25600K), 18 survivors (18432K)
 Metaspace       used 145513K, committed 147392K, reserved 1179648K
  class space    used 19749K, committed 20672K, reserved 1048576K
}
Event: 5583.392 GC heap after
{Heap after GC invocations=102 (full 0):
 garbage-first heap   total 525312K, used 133551K [0x0000000080000000, 0x0000000100000000)
  region size 1024K, 4 young (4096K), 4 survivors (4096K)
 Metaspace       used 145513K, committed 147392K, reserved 1179648K
  class space    used 19749K, committed 20672K, reserved 1048576K
}
Event: 5585.154 GC heap before
{Heap before GC invocations=102 (full 0):
 garbage-first heap   total 525312K, used 186799K [0x0000000080000000, 0x0000000100000000)
  region size 1024K, 57 young (58368K), 4 survivors (4096K)
 Metaspace       used 145624K, committed 147520K, reserved 1179648K
  class space    used 19753K, committed 20672K, reserved 1048576K
}
Event: 5585.189 GC heap after
{Heap after GC invocations=103 (full 0):
 garbage-first heap   total 525312K, used 137854K [0x0000000080000000, 0x0000000100000000)
  region size 1024K, 8 young (8192K), 8 survivors (8192K)
 Metaspace       used 145624K, committed 147520K, reserved 1179648K
  class space    used 19753K, committed 20672K, reserved 1048576K
}
Event: 5671.149 GC heap before
{Heap before GC invocations=104 (full 0):
 garbage-first heap   total 525312K, used 405118K [0x0000000080000000, 0x0000000100000000)
  region size 1024K, 169 young (173056K), 8 survivors (8192K)
 Metaspace       used 145906K, committed 147776K, reserved 1179648K
  class space    used 19755K, committed 20672K, reserved 1048576K
}
Event: 5671.238 GC heap after
{Heap after GC invocations=105 (full 0):
 garbage-first heap   total 525312K, used 134829K [0x0000000080000000, 0x0000000100000000)
  region size 1024K, 8 young (8192K), 8 survivors (8192K)
 Metaspace       used 145906K, committed 147776K, reserved 1179648K
  class space    used 19755K, committed 20672K, reserved 1048576K
}
Event: 6349.761 GC heap before
{Heap before GC invocations=105 (full 0):
 garbage-first heap   total 525312K, used 151213K [0x0000000080000000, 0x0000000100000000)
  region size 1024K, 25 young (25600K), 8 survivors (8192K)
 Metaspace       used 145914K, committed 147840K, reserved 1179648K
  class space    used 19755K, committed 20672K, reserved 1048576K
}
Event: 6350.185 GC heap after
{Heap after GC invocations=106 (full 0):
 garbage-first heap   total 525312K, used 124910K [0x0000000080000000, 0x0000000100000000)
  region size 1024K, 2 young (2048K), 2 survivors (2048K)
 Metaspace       used 145914K, committed 147840K, reserved 1179648K
  class space    used 19755K, committed 20672K, reserved 1048576K
}
Event: 6359.727 GC heap before
{Heap before GC invocations=106 (full 0):
 garbage-first heap   total 525312K, used 193518K [0x0000000080000000, 0x0000000100000000)
  region size 1024K, 71 young (72704K), 2 survivors (2048K)
 Metaspace       used 146005K, committed 147904K, reserved 1179648K
  class space    used 19755K, committed 20672K, reserved 1048576K
}
Event: 6359.929 GC heap after
{Heap after GC invocations=107 (full 0):
 garbage-first heap   total 525312K, used 134555K [0x0000000080000000, 0x0000000100000000)
  region size 1024K, 11 young (11264K), 11 survivors (11264K)
 Metaspace       used 146005K, committed 147904K, reserved 1179648K
  class space    used 19755K, committed 20672K, reserved 1048576K
}
Event: 6361.236 GC heap before
{Heap before GC invocations=108 (full 0):
 garbage-first heap   total 525312K, used 171419K [0x0000000080000000, 0x0000000100000000)
  region size 1024K, 46 young (47104K), 11 survivors (11264K)
 Metaspace       used 146017K, committed 147904K, reserved 1179648K
  class space    used 19756K, committed 20672K, reserved 1048576K
}
Event: 6361.437 GC heap after
{Heap after GC invocations=109 (full 0):
 garbage-first heap   total 525312K, used 136469K [0x0000000080000000, 0x0000000100000000)
  region size 1024K, 2 young (2048K), 2 survivors (2048K)
 Metaspace       used 146017K, committed 147904K, reserved 1179648K
  class space    used 19756K, committed 20672K, reserved 1048576K
}
Event: 6362.334 GC heap before
{Heap before GC invocations=109 (full 0):
 garbage-first heap   total 525312K, used 158997K [0x0000000080000000, 0x0000000100000000)
  region size 1024K, 25 young (25600K), 2 survivors (2048K)
 Metaspace       used 146046K, committed 147904K, reserved 1179648K
  class space    used 19756K, committed 20672K, reserved 1048576K
}

